c:\users\goldi\documents\fall 2016\opl\duell\debug\vc140.pdb
c:\users\goldi\documents\fall 2016\opl\duell\debug\vc140.idb
c:\users\goldi\documents\fall 2016\opl\duell\debug\board.obj
c:\users\goldi\documents\fall 2016\opl\duell\debug\boardview.obj
c:\users\goldi\documents\fall 2016\opl\duell\debug\computer.obj
c:\users\goldi\documents\fall 2016\opl\duell\debug\die.obj
c:\users\goldi\documents\fall 2016\opl\duell\debug\game.obj
c:\users\goldi\documents\fall 2016\opl\duell\debug\human.obj
c:\users\goldi\documents\fall 2016\opl\duell\debug\main.obj
c:\users\goldi\documents\fall 2016\opl\duell\debug\player.obj
c:\users\goldi\documents\fall 2016\opl\duell\debug\tournament.obj
c:\users\goldi\documents\fall 2016\opl\duell\debug\duell.ilk
c:\users\goldi\documents\fall 2016\opl\duell\debug\duell.exe
c:\users\goldi\documents\fall 2016\opl\duell\debug\duell.pdb
c:\users\goldi\documents\fall 2016\opl\duell\debug\boardview.obj.enc
c:\users\goldi\documents\fall 2016\opl\duell\debug\computer.obj.enc
c:\users\goldi\documents\fall 2016\opl\duell\debug\player.obj.enc
c:\users\goldi\documents\fall 2016\opl\duell\debug\duell.tlog\cl.command.1.tlog
c:\users\goldi\documents\fall 2016\opl\duell\debug\duell.tlog\cl.read.1.tlog
c:\users\goldi\documents\fall 2016\opl\duell\debug\duell.tlog\cl.write.1.tlog
c:\users\goldi\documents\fall 2016\opl\duell\debug\duell.tlog\link.command.1.tlog
c:\users\goldi\documents\fall 2016\opl\duell\debug\duell.tlog\link.read.1.tlog
c:\users\goldi\documents\fall 2016\opl\duell\debug\duell.tlog\link.write.1.tlog
